<?xml version="1.0" encoding="UTF-8"?>
<!-- Generated by org.testng.reporters.JUnitXMLReporter -->
<testsuite ignored="0" hostname="QT-INBG-LT0897" failures="0" tests="18" name="Default test" time="117.414" errors="0" timestamp="2021-07-21T13:31:52 IST">
  <testcase classname="store_Testcase.Login" name="loginCheckChrome" time="11.879"/>
  <testcase classname="store_Testcase.Login" name="loginCheckChrome" time="9.625"/>
  <testcase classname="store_Testcase.Login" name="loginCheckChrome" time="4.613"/>
  <testcase classname="store_Testcase.Login" name="loginCheckChrome" time="4.881"/>
  <testcase classname="store_Testcase.Login" name="loginCheckChrome" time="4.507"/>
  <testcase classname="store_Testcase.Login" name="loginCheckChrome" time="10.552"/>
  <testcase classname="store_Testcase.Login" name="loginCheckChrome" time="3.863"/>
  <testcase classname="store_Testcase.Login" name="loginCheckChrome" time="3.416"/>
  <testcase classname="store_Testcase.Login" name="loginCheckChrome" time="3.213"/>
  <testcase classname="store_Testcase.Login" name="loginCheckEdge" time="11.228"/>
  <testcase classname="store_Testcase.Login" name="loginCheckEdge" time="9.134"/>
  <testcase classname="store_Testcase.Login" name="loginCheckEdge" time="5.721"/>
  <testcase classname="store_Testcase.Login" name="loginCheckEdge" time="6.063"/>
  <testcase classname="store_Testcase.Login" name="loginCheckEdge" time="4.757"/>
  <testcase classname="store_Testcase.Login" name="loginCheckEdge" time="10.365"/>
  <testcase classname="store_Testcase.Login" name="loginCheckEdge" time="4.863"/>
  <testcase classname="store_Testcase.Login" name="loginCheckEdge" time="4.224"/>
  <testcase classname="store_Testcase.Login" name="loginCheckEdge" time="3.795"/>
</testsuite> <!-- Default test -->
