<?xml version="1.0" encoding="UTF-8"?>
<!-- Generated by org.testng.reporters.JUnitXMLReporter -->
<testsuite hostname="QT-INBG-LT0897" failures="6" tests="8" name="ContactTestCase" time="72.818" errors="0" timestamp="2 Jul 2021 07:25:28 GMT">
  <testcase classname="store_Testcase.Contact" name="contactInEdge" time="14.871"/>
  <testcase classname="store_Testcase.Contact" name="contactInChrome" time="18.519"/>
  <testcase classname="store_Testcase.Contact" name="contactInEdge" time="17.094">
    <failure type="java.lang.AssertionError" message="The following asserts failed:
User can send a message if input field is empty">
      <![CDATA[java.lang.AssertionError: The following asserts failed:
User can send a message if input field is empty
	at store_Testcase.Contact.contactInEdge(Contact.java:89)
	at java.base/java.util.concurrent.ThreadPoolExecutor.runWorker(ThreadPoolExecutor.java:1130)
	at java.base/java.util.concurrent.ThreadPoolExecutor$Worker.run(ThreadPoolExecutor.java:630)
	at java.base/java.lang.Thread.run(Thread.java:832)
... Removed 11 stack frames]]>
    </failure>
  </testcase> <!-- contactInEdge -->
  <testcase classname="store_Testcase.Contact" name="contactInChrome" time="16.566">
    <failure type="java.lang.AssertionError" message="The following asserts failed:
User can send a message if input field is empty">
      <![CDATA[java.lang.AssertionError: The following asserts failed:
User can send a message if input field is empty
	at store_Testcase.Contact.contactInChrome(Contact.java:52)
	at java.base/java.util.concurrent.ThreadPoolExecutor.runWorker(ThreadPoolExecutor.java:1130)
	at java.base/java.util.concurrent.ThreadPoolExecutor$Worker.run(ThreadPoolExecutor.java:630)
	at java.base/java.lang.Thread.run(Thread.java:832)
... Removed 11 stack frames]]>
    </failure>
  </testcase> <!-- contactInChrome -->
  <testcase classname="store_Testcase.Contact" name="contactInEdge" time="16.68">
    <failure type="java.lang.AssertionError" message="The following asserts failed:
User can send a message if input field is empty">
      <![CDATA[java.lang.AssertionError: The following asserts failed:
User can send a message if input field is empty
	at store_Testcase.Contact.contactInEdge(Contact.java:89)
	at java.base/java.util.concurrent.ThreadPoolExecutor.runWorker(ThreadPoolExecutor.java:1130)
	at java.base/java.util.concurrent.ThreadPoolExecutor$Worker.run(ThreadPoolExecutor.java:630)
	at java.base/java.lang.Thread.run(Thread.java:832)
... Removed 11 stack frames]]>
    </failure>
  </testcase> <!-- contactInEdge -->
  <testcase classname="store_Testcase.Contact" name="contactInChrome" time="19.879">
    <failure type="java.lang.AssertionError" message="The following asserts failed:
User can send a message if input field is empty">
      <![CDATA[java.lang.AssertionError: The following asserts failed:
User can send a message if input field is empty
	at store_Testcase.Contact.contactInChrome(Contact.java:52)
	at java.base/java.util.concurrent.ThreadPoolExecutor.runWorker(ThreadPoolExecutor.java:1130)
	at java.base/java.util.concurrent.ThreadPoolExecutor$Worker.run(ThreadPoolExecutor.java:630)
	at java.base/java.lang.Thread.run(Thread.java:832)
... Removed 11 stack frames]]>
    </failure>
  </testcase> <!-- contactInChrome -->
  <testcase classname="store_Testcase.Contact" name="contactInEdge" time="18.19">
    <failure type="java.lang.AssertionError" message="The following asserts failed:
User can send a message if input field is empty">
      <![CDATA[java.lang.AssertionError: The following asserts failed:
User can send a message if input field is empty
	at store_Testcase.Contact.contactInEdge(Contact.java:89)
	at java.base/java.util.concurrent.ThreadPoolExecutor.runWorker(ThreadPoolExecutor.java:1130)
	at java.base/java.util.concurrent.ThreadPoolExecutor$Worker.run(ThreadPoolExecutor.java:630)
	at java.base/java.lang.Thread.run(Thread.java:832)
... Removed 11 stack frames]]>
    </failure>
  </testcase> <!-- contactInEdge -->
  <testcase classname="store_Testcase.Contact" name="contactInChrome" time="17.764">
    <failure type="java.lang.AssertionError" message="The following asserts failed:
User can send a message if input field is empty">
      <![CDATA[java.lang.AssertionError: The following asserts failed:
User can send a message if input field is empty
	at store_Testcase.Contact.contactInChrome(Contact.java:52)
	at java.base/java.util.concurrent.ThreadPoolExecutor.runWorker(ThreadPoolExecutor.java:1130)
	at java.base/java.util.concurrent.ThreadPoolExecutor$Worker.run(ThreadPoolExecutor.java:630)
	at java.base/java.lang.Thread.run(Thread.java:832)
... Removed 11 stack frames]]>
    </failure>
  </testcase> <!-- contactInChrome -->
</testsuite> <!-- ContactTestCase -->
