<?xml version="1.0" encoding="UTF-8"?>
<!-- Generated by org.testng.reporters.JUnitXMLReporter -->
<testsuite ignored="0" hostname="QT-INBG-LT0089" failures="1" tests="2" name="Module2" time="9.152" errors="0" timestamp="2021-03-22T13:38:44 IST">
  <testcase classname="Module2.Precondition" name="preCond" time="0.0">
    <failure type="org.testng.TestNGException" message="
Cannot inject @Test annotated Method [preCond] with [class java.lang.String, class java.lang.String].
For more information on native dependency injection please refer to https://testng.org/doc/documentation-main.html#native-dependency-injection">
      <![CDATA[org.testng.TestNGException: 
Cannot inject @Test annotated Method [preCond] with [class java.lang.String, class java.lang.String].
For more information on native dependency injection please refer to https://testng.org/doc/documentation-main.html#native-dependency-injection
at java.base/java.util.ArrayList.forEach(ArrayList.java:1511)
... Removed 26 stack frames]]>
    </failure>
  </testcase> <!-- preCond -->
  <testcase classname="Module2.Checkusername" name="checkUsername" time="9.072"/>
</testsuite> <!-- Module2 -->
