<?xml version="1.0" encoding="UTF-8"?>
<!-- Generated by org.testng.reporters.JUnitXMLReporter -->
<testsuite hostname="QT-INBG-LT0897" failures="1" tests="2" name="Module1" time="26.724" errors="0" timestamp="3 Jun 2021 18:12:13 GMT">
  <testcase classname="Module1.Checkcolor" name="checkcolor" time="13.219">
    <failure type="java.lang.NullPointerException" message="Cannot invoke &amp;quot;com.aventstack.extentreports.ExtentReports.createTest(String)&amp;quot; because &amp;quot;this.extent&amp;quot; is null">
      <![CDATA[java.lang.NullPointerException: Cannot invoke "com.aventstack.extentreports.ExtentReports.createTest(String)" because "this.extent" is null
	at Module1.Checkcolor.checkcolor(Checkcolor.java:41)
... Removed 24 stack frames]]>
    </failure>
  </testcase> <!-- checkcolor -->
  <testcase classname="Module1.CheckTitle" name="CheckTitle" time="13.141"/>
</testsuite> <!-- Module1 -->
