<?xml version="1.0" encoding="UTF-8"?>
<!-- Generated by org.testng.reporters.JUnitXMLReporter -->
<testsuite hostname="QT-INBG-LT0897" failures="0" tests="9" name="TestonEdge" time="0.068" errors="0" timestamp="1 Jul 2021 12:00:22 GMT">
  <testcase classname="store_Testcase.Login" name="@BeforeMethod setup" time="0.0">
    <failure type="java.lang.Error" message="Unresolved compilation problems: 
	Cannot make a static reference to the non-static field wd
	Cannot make a static reference to the non-static field wd
	Cannot make a static reference to the non-static field wd
	Cannot make a static reference to the non-static field wd
	Cannot make a static reference to the non-static field wd
">
      <![CDATA[java.lang.Error: Unresolved compilation problems: 
	Cannot make a static reference to the non-static field wd
	Cannot make a static reference to the non-static field wd
	Cannot make a static reference to the non-static field wd
	Cannot make a static reference to the non-static field wd
	Cannot make a static reference to the non-static field wd

	at resources.Base.initializeDriver(Base.java:115)
	at store_Testcase.Login.setup(Login.java:34)
... Removed 26 stack frames]]>
    </failure>
  </testcase> <!-- @BeforeMethod setup -->
  <testcase classname="store_Testcase.Login" name="@AfterMethod closebrowser" time="0.0">
    <skipped/>
  </testcase> <!-- @AfterMethod closebrowser -->
  <testcase classname="store_Testcase.Login" name="@AfterMethod getResult" time="0.0">
    <skipped/>
  </testcase> <!-- @AfterMethod getResult -->
  <testcase classname="store_Testcase.Login" name="@BeforeMethod setup" time="0.0">
    <skipped/>
  </testcase> <!-- @BeforeMethod setup -->
  <testcase classname="store_Testcase.Login" name="@AfterMethod closebrowser" time="0.0">
    <skipped/>
  </testcase> <!-- @AfterMethod closebrowser -->
  <testcase classname="store_Testcase.Login" name="@AfterMethod getResult" time="0.0">
    <skipped/>
  </testcase> <!-- @AfterMethod getResult -->
  <testcase classname="store_Testcase.Login" name="@BeforeMethod setup" time="0.0">
    <skipped/>
  </testcase> <!-- @BeforeMethod setup -->
  <testcase classname="store_Testcase.Login" name="@AfterMethod closebrowser" time="0.0">
    <skipped/>
  </testcase> <!-- @AfterMethod closebrowser -->
  <testcase classname="store_Testcase.Login" name="@AfterMethod getResult" time="0.0">
    <skipped/>
  </testcase> <!-- @AfterMethod getResult -->
  <testcase classname="store_Testcase.Login" name="@BeforeMethod setup" time="0.0">
    <skipped/>
  </testcase> <!-- @BeforeMethod setup -->
  <testcase classname="store_Testcase.Login" name="@AfterMethod closebrowser" time="0.0">
    <skipped/>
  </testcase> <!-- @AfterMethod closebrowser -->
  <testcase classname="store_Testcase.Login" name="@AfterMethod getResult" time="0.0">
    <skipped/>
  </testcase> <!-- @AfterMethod getResult -->
  <testcase classname="store_Testcase.Login" name="@BeforeMethod setup" time="0.0">
    <skipped/>
  </testcase> <!-- @BeforeMethod setup -->
  <testcase classname="store_Testcase.Login" name="@AfterMethod closebrowser" time="0.0">
    <skipped/>
  </testcase> <!-- @AfterMethod closebrowser -->
  <testcase classname="store_Testcase.Login" name="@AfterMethod getResult" time="0.0">
    <skipped/>
  </testcase> <!-- @AfterMethod getResult -->
  <testcase classname="store_Testcase.Login" name="@BeforeMethod setup" time="0.0">
    <skipped/>
  </testcase> <!-- @BeforeMethod setup -->
  <testcase classname="store_Testcase.Login" name="@AfterMethod closebrowser" time="0.0">
    <skipped/>
  </testcase> <!-- @AfterMethod closebrowser -->
  <testcase classname="store_Testcase.Login" name="@AfterMethod getResult" time="0.0">
    <skipped/>
  </testcase> <!-- @AfterMethod getResult -->
  <testcase classname="store_Testcase.Login" name="@BeforeMethod setup" time="0.0">
    <skipped/>
  </testcase> <!-- @BeforeMethod setup -->
  <testcase classname="store_Testcase.Login" name="@AfterMethod closebrowser" time="0.0">
    <skipped/>
  </testcase> <!-- @AfterMethod closebrowser -->
  <testcase classname="store_Testcase.Login" name="@AfterMethod getResult" time="0.0">
    <skipped/>
  </testcase> <!-- @AfterMethod getResult -->
  <testcase classname="store_Testcase.Login" name="@BeforeMethod setup" time="0.0">
    <skipped/>
  </testcase> <!-- @BeforeMethod setup -->
  <testcase classname="store_Testcase.Login" name="@AfterMethod closebrowser" time="0.0">
    <skipped/>
  </testcase> <!-- @AfterMethod closebrowser -->
  <testcase classname="store_Testcase.Login" name="@AfterMethod getResult" time="0.0">
    <skipped/>
  </testcase> <!-- @AfterMethod getResult -->
  <testcase classname="store_Testcase.Login" name="@BeforeMethod setup" time="0.0">
    <skipped/>
  </testcase> <!-- @BeforeMethod setup -->
  <testcase classname="store_Testcase.Login" name="@AfterMethod closebrowser" time="0.0">
    <skipped/>
  </testcase> <!-- @AfterMethod closebrowser -->
  <testcase classname="store_Testcase.Login" name="@AfterMethod getResult" time="0.0">
    <skipped/>
  </testcase> <!-- @AfterMethod getResult -->
  <testcase classname="store_Testcase.Login" name="loginCheck" time="0.001">
    <skipped/>
  </testcase> <!-- loginCheck -->
  <testcase classname="store_Testcase.Login" name="loginCheck" time="0.0">
    <skipped/>
  </testcase> <!-- loginCheck -->
  <testcase classname="store_Testcase.Login" name="loginCheck" time="0.001">
    <skipped/>
  </testcase> <!-- loginCheck -->
  <testcase classname="store_Testcase.Login" name="loginCheck" time="0.001">
    <skipped/>
  </testcase> <!-- loginCheck -->
  <testcase classname="store_Testcase.Login" name="loginCheck" time="0.0">
    <skipped/>
  </testcase> <!-- loginCheck -->
  <testcase classname="store_Testcase.Login" name="loginCheck" time="0.0">
    <skipped/>
  </testcase> <!-- loginCheck -->
  <testcase classname="store_Testcase.Login" name="loginCheck" time="0.002">
    <skipped/>
  </testcase> <!-- loginCheck -->
  <testcase classname="store_Testcase.Login" name="loginCheck" time="0.0">
    <skipped/>
  </testcase> <!-- loginCheck -->
  <testcase classname="store_Testcase.Login" name="loginCheck" time="0.0">
    <skipped/>
  </testcase> <!-- loginCheck -->
</testsuite> <!-- TestonEdge -->
