<?xml version="1.0" encoding="UTF-8"?>
<!-- Generated by org.testng.reporters.JUnitXMLReporter -->
<testsuite hostname="QT-INBG-LT0897" failures="0" tests="9" name="Test1" time="48.789" errors="0" timestamp="1 Jul 2021 11:20:13 GMT">
  <testcase classname="store_Testcase.Login" name="loginCheck" time="6.681"/>
  <testcase classname="store_Testcase.Login" name="loginCheck" time="2.153"/>
  <testcase classname="store_Testcase.Login" name="loginCheck" time="2.586"/>
  <testcase classname="store_Testcase.Login" name="loginCheck" time="2.558"/>
  <testcase classname="store_Testcase.Login" name="loginCheck" time="1.186"/>
  <testcase classname="store_Testcase.Login" name="loginCheck" time="9.833"/>
  <testcase classname="store_Testcase.Login" name="loginCheck" time="1.204"/>
  <testcase classname="store_Testcase.Login" name="loginCheck" time="1.086"/>
  <testcase classname="store_Testcase.Login" name="loginCheck" time="1.099"/>
</testsuite> <!-- Test1 -->
