<?xml version="1.0" encoding="UTF-8"?>
<testng-results ignored="0" total="18" passed="18" failed="0" skipped="0">
  <reporter-output>
  </reporter-output>
  <suite started-at="2021-07-21T13:29:55 IST" name="Default suite" finished-at="2021-07-21T13:31:52 IST" duration-ms="117414">
    <groups>
    </groups>
    <test started-at="2021-07-21T13:29:55 IST" name="Default test" finished-at="2021-07-21T13:31:52 IST" duration-ms="117414">
      <class name="store_Testcase.Login">
        <test-method is-config="true" signature="Bsuite()[pri:0, instance:store_Testcase.Login@48f278eb]" started-at="2021-07-21T13:29:54 IST" name="Bsuite" finished-at="2021-07-21T13:29:55 IST" duration-ms="167" status="PASS">
          <reporter-output>
          </reporter-output>
        </test-method> <!-- Bsuite -->
        <test-method signature="loginCheckChrome(java.util.HashMap)[pri:0, instance:store_Testcase.Login@48f278eb]" started-at="2021-07-21T13:29:55 IST" name="loginCheckChrome" data-provider="validtestdata" finished-at="2021-07-21T13:30:07 IST" duration-ms="11879" status="PASS">
          <params>
            <param index="0">
              <value>
                <![CDATA[{Function=, UserName=ducati@gmail.com, AlertMessage=, Test Id=Store-402, Password=ducati14}]]>
              </value>
            </param>
          </params>
          <reporter-output>
          </reporter-output>
        </test-method> <!-- loginCheckChrome -->
        <test-method is-config="true" signature="getResult(org.testng.ITestResult)[pri:0, instance:store_Testcase.Login@48f278eb]" started-at="2021-07-21T13:30:07 IST" name="getResult" finished-at="2021-07-21T13:30:07 IST" duration-ms="12" status="PASS">
          <params>
            <param index="0">
              <value>
                <![CDATA[[TestResult name=loginCheckChrome status=SUCCESS method=Login.loginCheckChrome(java.util.HashMap)[pri:0, instance:store_Testcase.Login@48f278eb] output={null}]]]>
              </value>
            </param>
          </params>
          <reporter-output>
          </reporter-output>
        </test-method> <!-- getResult -->
        <test-method signature="loginCheckChrome(java.util.HashMap)[pri:0, instance:store_Testcase.Login@48f278eb]" started-at="2021-07-21T13:30:07 IST" name="loginCheckChrome" data-provider="validtestdata" finished-at="2021-07-21T13:30:17 IST" duration-ms="9625" status="PASS">
          <params>
            <param index="0">
              <value>
                <![CDATA[{Function=, UserName=invaliduser, AlertMessage=User does not exist., Test Id=Store-403, Password=pannigale}]]>
              </value>
            </param>
          </params>
          <reporter-output>
          </reporter-output>
        </test-method> <!-- loginCheckChrome -->
        <test-method is-config="true" signature="getResult(org.testng.ITestResult)[pri:0, instance:store_Testcase.Login@48f278eb]" started-at="2021-07-21T13:30:17 IST" name="getResult" finished-at="2021-07-21T13:30:17 IST" duration-ms="0" status="PASS">
          <params>
            <param index="0">
              <value>
                <![CDATA[[TestResult name=loginCheckChrome status=SUCCESS method=Login.loginCheckChrome(java.util.HashMap)[pri:0, instance:store_Testcase.Login@48f278eb] output={null}]]]>
              </value>
            </param>
          </params>
          <reporter-output>
          </reporter-output>
        </test-method> <!-- getResult -->
        <test-method signature="loginCheckChrome(java.util.HashMap)[pri:0, instance:store_Testcase.Login@48f278eb]" started-at="2021-07-21T13:30:17 IST" name="loginCheckChrome" data-provider="validtestdata" finished-at="2021-07-21T13:30:21 IST" duration-ms="4613" status="PASS">
          <params>
            <param index="0">
              <value>
                <![CDATA[{Function=, UserName=ducati@gmail.com, AlertMessage=Wrong password., Test Id=Store-404, Password=Volkswagen}]]>
              </value>
            </param>
          </params>
          <reporter-output>
          </reporter-output>
        </test-method> <!-- loginCheckChrome -->
        <test-method is-config="true" signature="getResult(org.testng.ITestResult)[pri:0, instance:store_Testcase.Login@48f278eb]" started-at="2021-07-21T13:30:21 IST" name="getResult" finished-at="2021-07-21T13:30:21 IST" duration-ms="1" status="PASS">
          <params>
            <param index="0">
              <value>
                <![CDATA[[TestResult name=loginCheckChrome status=SUCCESS method=Login.loginCheckChrome(java.util.HashMap)[pri:0, instance:store_Testcase.Login@48f278eb] output={null}]]]>
              </value>
            </param>
          </params>
          <reporter-output>
          </reporter-output>
        </test-method> <!-- getResult -->
        <test-method signature="loginCheckChrome(java.util.HashMap)[pri:0, instance:store_Testcase.Login@48f278eb]" started-at="2021-07-21T13:30:21 IST" name="loginCheckChrome" data-provider="validtestdata" finished-at="2021-07-21T13:30:26 IST" duration-ms="4881" status="PASS">
          <params>
            <param index="0">
              <value>
                <![CDATA[{Function=, UserName=DUcati@gmail.com, AlertMessage=User does not exist., Test Id=Store-405, Password=Ducati14}]]>
              </value>
            </param>
          </params>
          <reporter-output>
          </reporter-output>
        </test-method> <!-- loginCheckChrome -->
        <test-method is-config="true" signature="getResult(org.testng.ITestResult)[pri:0, instance:store_Testcase.Login@48f278eb]" started-at="2021-07-21T13:30:26 IST" name="getResult" finished-at="2021-07-21T13:30:26 IST" duration-ms="1" status="PASS">
          <params>
            <param index="0">
              <value>
                <![CDATA[[TestResult name=loginCheckChrome status=SUCCESS method=Login.loginCheckChrome(java.util.HashMap)[pri:0, instance:store_Testcase.Login@48f278eb] output={null}]]]>
              </value>
            </param>
          </params>
          <reporter-output>
          </reporter-output>
        </test-method> <!-- getResult -->
        <test-method signature="loginCheckChrome(java.util.HashMap)[pri:0, instance:store_Testcase.Login@48f278eb]" started-at="2021-07-21T13:30:26 IST" name="loginCheckChrome" data-provider="validtestdata" finished-at="2021-07-21T13:30:31 IST" duration-ms="4507" status="PASS">
          <params>
            <param index="0">
              <value>
                <![CDATA[{Function=, UserName=, AlertMessage=Please fill out Username and Password., Test Id=Store-406, Password=}]]>
              </value>
            </param>
          </params>
          <reporter-output>
          </reporter-output>
        </test-method> <!-- loginCheckChrome -->
        <test-method is-config="true" signature="getResult(org.testng.ITestResult)[pri:0, instance:store_Testcase.Login@48f278eb]" started-at="2021-07-21T13:30:31 IST" name="getResult" finished-at="2021-07-21T13:30:31 IST" duration-ms="2" status="PASS">
          <params>
            <param index="0">
              <value>
                <![CDATA[[TestResult name=loginCheckChrome status=SUCCESS method=Login.loginCheckChrome(java.util.HashMap)[pri:0, instance:store_Testcase.Login@48f278eb] output={null}]]]>
              </value>
            </param>
          </params>
          <reporter-output>
          </reporter-output>
        </test-method> <!-- getResult -->
        <test-method signature="loginCheckChrome(java.util.HashMap)[pri:0, instance:store_Testcase.Login@48f278eb]" started-at="2021-07-21T13:30:31 IST" name="loginCheckChrome" data-provider="validtestdata" finished-at="2021-07-21T13:30:41 IST" duration-ms="10552" status="PASS">
          <params>
            <param index="0">
              <value>
                <![CDATA[{Function=logout, UserName=ducati@gmail.com, AlertMessage=, Test Id=Store-407, Password=ducati14}]]>
              </value>
            </param>
          </params>
          <reporter-output>
          </reporter-output>
        </test-method> <!-- loginCheckChrome -->
        <test-method is-config="true" signature="getResult(org.testng.ITestResult)[pri:0, instance:store_Testcase.Login@48f278eb]" started-at="2021-07-21T13:30:41 IST" name="getResult" finished-at="2021-07-21T13:30:41 IST" duration-ms="1" status="PASS">
          <params>
            <param index="0">
              <value>
                <![CDATA[[TestResult name=loginCheckChrome status=SUCCESS method=Login.loginCheckChrome(java.util.HashMap)[pri:0, instance:store_Testcase.Login@48f278eb] output={null}]]]>
              </value>
            </param>
          </params>
          <reporter-output>
          </reporter-output>
        </test-method> <!-- getResult -->
        <test-method signature="loginCheckChrome(java.util.HashMap)[pri:0, instance:store_Testcase.Login@48f278eb]" started-at="2021-07-21T13:30:41 IST" name="loginCheckChrome" data-provider="validtestdata" finished-at="2021-07-21T13:30:45 IST" duration-ms="3863" status="PASS">
          <params>
            <param index="0">
              <value>
                <![CDATA[{Function=session, UserName=ducati@gmail.com, AlertMessage=, Test Id=Store-408, Password=ducati14}]]>
              </value>
            </param>
          </params>
          <reporter-output>
          </reporter-output>
        </test-method> <!-- loginCheckChrome -->
        <test-method is-config="true" signature="getResult(org.testng.ITestResult)[pri:0, instance:store_Testcase.Login@48f278eb]" started-at="2021-07-21T13:30:45 IST" name="getResult" finished-at="2021-07-21T13:30:45 IST" duration-ms="1" status="PASS">
          <params>
            <param index="0">
              <value>
                <![CDATA[[TestResult name=loginCheckChrome status=SUCCESS method=Login.loginCheckChrome(java.util.HashMap)[pri:0, instance:store_Testcase.Login@48f278eb] output={null}]]]>
              </value>
            </param>
          </params>
          <reporter-output>
          </reporter-output>
        </test-method> <!-- getResult -->
        <test-method signature="loginCheckChrome(java.util.HashMap)[pri:0, instance:store_Testcase.Login@48f278eb]" started-at="2021-07-21T13:30:45 IST" name="loginCheckChrome" data-provider="validtestdata" finished-at="2021-07-21T13:30:48 IST" duration-ms="3416" status="PASS">
          <params>
            <param index="0">
              <value>
                <![CDATA[{Function=closeButton, UserName=, AlertMessage=, Test Id=Store-409, Password=}]]>
              </value>
            </param>
          </params>
          <reporter-output>
          </reporter-output>
        </test-method> <!-- loginCheckChrome -->
        <test-method is-config="true" signature="getResult(org.testng.ITestResult)[pri:0, instance:store_Testcase.Login@48f278eb]" started-at="2021-07-21T13:30:48 IST" name="getResult" finished-at="2021-07-21T13:30:48 IST" duration-ms="1" status="PASS">
          <params>
            <param index="0">
              <value>
                <![CDATA[[TestResult name=loginCheckChrome status=SUCCESS method=Login.loginCheckChrome(java.util.HashMap)[pri:0, instance:store_Testcase.Login@48f278eb] output={null}]]]>
              </value>
            </param>
          </params>
          <reporter-output>
          </reporter-output>
        </test-method> <!-- getResult -->
        <test-method signature="loginCheckChrome(java.util.HashMap)[pri:0, instance:store_Testcase.Login@48f278eb]" started-at="2021-07-21T13:30:48 IST" name="loginCheckChrome" data-provider="validtestdata" finished-at="2021-07-21T13:30:52 IST" duration-ms="3213" status="PASS">
          <params>
            <param index="0">
              <value>
                <![CDATA[{Function=xclose, UserName=, AlertMessage=, Test Id=Store-410, Password=}]]>
              </value>
            </param>
          </params>
          <reporter-output>
          </reporter-output>
        </test-method> <!-- loginCheckChrome -->
        <test-method is-config="true" signature="getResult(org.testng.ITestResult)[pri:0, instance:store_Testcase.Login@48f278eb]" started-at="2021-07-21T13:30:52 IST" name="getResult" finished-at="2021-07-21T13:30:52 IST" duration-ms="1" status="PASS">
          <params>
            <param index="0">
              <value>
                <![CDATA[[TestResult name=loginCheckChrome status=SUCCESS method=Login.loginCheckChrome(java.util.HashMap)[pri:0, instance:store_Testcase.Login@48f278eb] output={null}]]]>
              </value>
            </param>
          </params>
          <reporter-output>
          </reporter-output>
        </test-method> <!-- getResult -->
        <test-method signature="loginCheckEdge(java.util.HashMap)[pri:0, instance:store_Testcase.Login@48f278eb]" started-at="2021-07-21T13:30:52 IST" name="loginCheckEdge" data-provider="validtestdata" finished-at="2021-07-21T13:31:03 IST" duration-ms="11228" status="PASS">
          <params>
            <param index="0">
              <value>
                <![CDATA[{Function=, UserName=ducati@gmail.com, AlertMessage=, Test Id=Store-402, Password=ducati14}]]>
              </value>
            </param>
          </params>
          <reporter-output>
          </reporter-output>
        </test-method> <!-- loginCheckEdge -->
        <test-method is-config="true" signature="getResult(org.testng.ITestResult)[pri:0, instance:store_Testcase.Login@48f278eb]" started-at="2021-07-21T13:31:03 IST" name="getResult" finished-at="2021-07-21T13:31:03 IST" duration-ms="1" status="PASS">
          <params>
            <param index="0">
              <value>
                <![CDATA[[TestResult name=loginCheckEdge status=SUCCESS method=Login.loginCheckEdge(java.util.HashMap)[pri:0, instance:store_Testcase.Login@48f278eb] output={null}]]]>
              </value>
            </param>
          </params>
          <reporter-output>
          </reporter-output>
        </test-method> <!-- getResult -->
        <test-method signature="loginCheckEdge(java.util.HashMap)[pri:0, instance:store_Testcase.Login@48f278eb]" started-at="2021-07-21T13:31:03 IST" name="loginCheckEdge" data-provider="validtestdata" finished-at="2021-07-21T13:31:12 IST" duration-ms="9134" status="PASS">
          <params>
            <param index="0">
              <value>
                <![CDATA[{Function=, UserName=invaliduser, AlertMessage=User does not exist., Test Id=Store-403, Password=pannigale}]]>
              </value>
            </param>
          </params>
          <reporter-output>
          </reporter-output>
        </test-method> <!-- loginCheckEdge -->
        <test-method is-config="true" signature="getResult(org.testng.ITestResult)[pri:0, instance:store_Testcase.Login@48f278eb]" started-at="2021-07-21T13:31:12 IST" name="getResult" finished-at="2021-07-21T13:31:12 IST" duration-ms="3" status="PASS">
          <params>
            <param index="0">
              <value>
                <![CDATA[[TestResult name=loginCheckEdge status=SUCCESS method=Login.loginCheckEdge(java.util.HashMap)[pri:0, instance:store_Testcase.Login@48f278eb] output={null}]]]>
              </value>
            </param>
          </params>
          <reporter-output>
          </reporter-output>
        </test-method> <!-- getResult -->
        <test-method signature="loginCheckEdge(java.util.HashMap)[pri:0, instance:store_Testcase.Login@48f278eb]" started-at="2021-07-21T13:31:12 IST" name="loginCheckEdge" data-provider="validtestdata" finished-at="2021-07-21T13:31:18 IST" duration-ms="5721" status="PASS">
          <params>
            <param index="0">
              <value>
                <![CDATA[{Function=, UserName=ducati@gmail.com, AlertMessage=Wrong password., Test Id=Store-404, Password=Volkswagen}]]>
              </value>
            </param>
          </params>
          <reporter-output>
          </reporter-output>
        </test-method> <!-- loginCheckEdge -->
        <test-method is-config="true" signature="getResult(org.testng.ITestResult)[pri:0, instance:store_Testcase.Login@48f278eb]" started-at="2021-07-21T13:31:18 IST" name="getResult" finished-at="2021-07-21T13:31:18 IST" duration-ms="2" status="PASS">
          <params>
            <param index="0">
              <value>
                <![CDATA[[TestResult name=loginCheckEdge status=SUCCESS method=Login.loginCheckEdge(java.util.HashMap)[pri:0, instance:store_Testcase.Login@48f278eb] output={null}]]]>
              </value>
            </param>
          </params>
          <reporter-output>
          </reporter-output>
        </test-method> <!-- getResult -->
        <test-method signature="loginCheckEdge(java.util.HashMap)[pri:0, instance:store_Testcase.Login@48f278eb]" started-at="2021-07-21T13:31:18 IST" name="loginCheckEdge" data-provider="validtestdata" finished-at="2021-07-21T13:31:24 IST" duration-ms="6063" status="PASS">
          <params>
            <param index="0">
              <value>
                <![CDATA[{Function=, UserName=DUcati@gmail.com, AlertMessage=User does not exist., Test Id=Store-405, Password=Ducati14}]]>
              </value>
            </param>
          </params>
          <reporter-output>
          </reporter-output>
        </test-method> <!-- loginCheckEdge -->
        <test-method is-config="true" signature="getResult(org.testng.ITestResult)[pri:0, instance:store_Testcase.Login@48f278eb]" started-at="2021-07-21T13:31:24 IST" name="getResult" finished-at="2021-07-21T13:31:24 IST" duration-ms="2" status="PASS">
          <params>
            <param index="0">
              <value>
                <![CDATA[[TestResult name=loginCheckEdge status=SUCCESS method=Login.loginCheckEdge(java.util.HashMap)[pri:0, instance:store_Testcase.Login@48f278eb] output={null}]]]>
              </value>
            </param>
          </params>
          <reporter-output>
          </reporter-output>
        </test-method> <!-- getResult -->
        <test-method signature="loginCheckEdge(java.util.HashMap)[pri:0, instance:store_Testcase.Login@48f278eb]" started-at="2021-07-21T13:31:24 IST" name="loginCheckEdge" data-provider="validtestdata" finished-at="2021-07-21T13:31:29 IST" duration-ms="4757" status="PASS">
          <params>
            <param index="0">
              <value>
                <![CDATA[{Function=, UserName=, AlertMessage=Please fill out Username and Password., Test Id=Store-406, Password=}]]>
              </value>
            </param>
          </params>
          <reporter-output>
          </reporter-output>
        </test-method> <!-- loginCheckEdge -->
        <test-method is-config="true" signature="getResult(org.testng.ITestResult)[pri:0, instance:store_Testcase.Login@48f278eb]" started-at="2021-07-21T13:31:29 IST" name="getResult" finished-at="2021-07-21T13:31:29 IST" duration-ms="2" status="PASS">
          <params>
            <param index="0">
              <value>
                <![CDATA[[TestResult name=loginCheckEdge status=SUCCESS method=Login.loginCheckEdge(java.util.HashMap)[pri:0, instance:store_Testcase.Login@48f278eb] output={null}]]]>
              </value>
            </param>
          </params>
          <reporter-output>
          </reporter-output>
        </test-method> <!-- getResult -->
        <test-method signature="loginCheckEdge(java.util.HashMap)[pri:0, instance:store_Testcase.Login@48f278eb]" started-at="2021-07-21T13:31:29 IST" name="loginCheckEdge" data-provider="validtestdata" finished-at="2021-07-21T13:31:39 IST" duration-ms="10365" status="PASS">
          <params>
            <param index="0">
              <value>
                <![CDATA[{Function=logout, UserName=ducati@gmail.com, AlertMessage=, Test Id=Store-407, Password=ducati14}]]>
              </value>
            </param>
          </params>
          <reporter-output>
          </reporter-output>
        </test-method> <!-- loginCheckEdge -->
        <test-method is-config="true" signature="getResult(org.testng.ITestResult)[pri:0, instance:store_Testcase.Login@48f278eb]" started-at="2021-07-21T13:31:39 IST" name="getResult" finished-at="2021-07-21T13:31:39 IST" duration-ms="1" status="PASS">
          <params>
            <param index="0">
              <value>
                <![CDATA[[TestResult name=loginCheckEdge status=SUCCESS method=Login.loginCheckEdge(java.util.HashMap)[pri:0, instance:store_Testcase.Login@48f278eb] output={null}]]]>
              </value>
            </param>
          </params>
          <reporter-output>
          </reporter-output>
        </test-method> <!-- getResult -->
        <test-method signature="loginCheckEdge(java.util.HashMap)[pri:0, instance:store_Testcase.Login@48f278eb]" started-at="2021-07-21T13:31:39 IST" name="loginCheckEdge" data-provider="validtestdata" finished-at="2021-07-21T13:31:44 IST" duration-ms="4863" status="PASS">
          <params>
            <param index="0">
              <value>
                <![CDATA[{Function=session, UserName=ducati@gmail.com, AlertMessage=, Test Id=Store-408, Password=ducati14}]]>
              </value>
            </param>
          </params>
          <reporter-output>
          </reporter-output>
        </test-method> <!-- loginCheckEdge -->
        <test-method is-config="true" signature="getResult(org.testng.ITestResult)[pri:0, instance:store_Testcase.Login@48f278eb]" started-at="2021-07-21T13:31:44 IST" name="getResult" finished-at="2021-07-21T13:31:44 IST" duration-ms="1" status="PASS">
          <params>
            <param index="0">
              <value>
                <![CDATA[[TestResult name=loginCheckEdge status=SUCCESS method=Login.loginCheckEdge(java.util.HashMap)[pri:0, instance:store_Testcase.Login@48f278eb] output={null}]]]>
              </value>
            </param>
          </params>
          <reporter-output>
          </reporter-output>
        </test-method> <!-- getResult -->
        <test-method signature="loginCheckEdge(java.util.HashMap)[pri:0, instance:store_Testcase.Login@48f278eb]" started-at="2021-07-21T13:31:44 IST" name="loginCheckEdge" data-provider="validtestdata" finished-at="2021-07-21T13:31:48 IST" duration-ms="4224" status="PASS">
          <params>
            <param index="0">
              <value>
                <![CDATA[{Function=closeButton, UserName=, AlertMessage=, Test Id=Store-409, Password=}]]>
              </value>
            </param>
          </params>
          <reporter-output>
          </reporter-output>
        </test-method> <!-- loginCheckEdge -->
        <test-method is-config="true" signature="getResult(org.testng.ITestResult)[pri:0, instance:store_Testcase.Login@48f278eb]" started-at="2021-07-21T13:31:48 IST" name="getResult" finished-at="2021-07-21T13:31:48 IST" duration-ms="1" status="PASS">
          <params>
            <param index="0">
              <value>
                <![CDATA[[TestResult name=loginCheckEdge status=SUCCESS method=Login.loginCheckEdge(java.util.HashMap)[pri:0, instance:store_Testcase.Login@48f278eb] output={null}]]]>
              </value>
            </param>
          </params>
          <reporter-output>
          </reporter-output>
        </test-method> <!-- getResult -->
        <test-method signature="loginCheckEdge(java.util.HashMap)[pri:0, instance:store_Testcase.Login@48f278eb]" started-at="2021-07-21T13:31:48 IST" name="loginCheckEdge" data-provider="validtestdata" finished-at="2021-07-21T13:31:52 IST" duration-ms="3795" status="PASS">
          <params>
            <param index="0">
              <value>
                <![CDATA[{Function=xclose, UserName=, AlertMessage=, Test Id=Store-410, Password=}]]>
              </value>
            </param>
          </params>
          <reporter-output>
          </reporter-output>
        </test-method> <!-- loginCheckEdge -->
        <test-method is-config="true" signature="getResult(org.testng.ITestResult)[pri:0, instance:store_Testcase.Login@48f278eb]" started-at="2021-07-21T13:31:52 IST" name="getResult" finished-at="2021-07-21T13:31:52 IST" duration-ms="0" status="PASS">
          <params>
            <param index="0">
              <value>
                <![CDATA[[TestResult name=loginCheckEdge status=SUCCESS method=Login.loginCheckEdge(java.util.HashMap)[pri:0, instance:store_Testcase.Login@48f278eb] output={null}]]]>
              </value>
            </param>
          </params>
          <reporter-output>
          </reporter-output>
        </test-method> <!-- getResult -->
        <test-method is-config="true" signature="aft()[pri:0, instance:store_Testcase.Login@48f278eb]" started-at="2021-07-21T13:31:52 IST" name="aft" finished-at="2021-07-21T13:31:52 IST" duration-ms="412" status="PASS">
          <reporter-output>
          </reporter-output>
        </test-method> <!-- aft -->
      </class> <!-- store_Testcase.Login -->
    </test> <!-- Default test -->
  </suite> <!-- Default suite -->
</testng-results>
